\BOOKMARK [-1][-]{part.1}{I F\355sica Cu\341ntica}{}% 1
\BOOKMARK [0][-]{chapter.1}{Ondas}{part.1}% 2
\BOOKMARK [1][-]{section.1.1}{Ecuaci\363n de onda}{chapter.1}% 3
\BOOKMARK [2][-]{subsection.1.1.1}{Soluciones generales}{section.1.1}% 4
\BOOKMARK [2][-]{subsection.1.1.2}{Ejemplo de la cuerda vibrante}{section.1.1}% 5
\BOOKMARK [1][-]{section.1.2}{Superposici\363n}{chapter.1}% 6
\BOOKMARK [2][-]{subsection.1.2.1}{Interferencia}{section.1.2}% 7
\BOOKMARK [2][-]{subsection.1.2.2}{Batidos}{section.1.2}% 8
\BOOKMARK [1][-]{section.1.3}{Paquetes de onda}{chapter.1}% 9
\BOOKMARK [2][-]{subsection.1.3.1}{Velocidad de fase}{section.1.3}% 10
\BOOKMARK [2][-]{subsection.1.3.2}{Velocidad de grupo}{section.1.3}% 11
\BOOKMARK [0][-]{chapter.2}{Fen\363menos experimentales}{part.1}% 12
\BOOKMARK [1][-]{section.2.1}{Efecto fotoel\351ctrico}{chapter.2}% 13
\BOOKMARK [2][-]{subsection.2.1.1}{Ecuaci\363n de Einstein}{section.2.1}% 14
\BOOKMARK [2][-]{subsection.2.1.2}{Funci\363n trabajo, frecuencia y longitud de onda umbral}{section.2.1}% 15
\BOOKMARK [2][-]{subsection.2.1.3}{Concepto de Fot\363n}{section.2.1}% 16
\BOOKMARK [2][-]{subsection.2.1.4}{Aplicaciones t\351cnicas}{section.2.1}% 17
\BOOKMARK [1][-]{section.2.2}{Rayos X}{chapter.2}% 18
\BOOKMARK [2][-]{subsection.2.2.1}{Espectro continuo}{section.2.2}% 19
\BOOKMARK [2][-]{subsection.2.2.2}{Longitud de onda de corte}{section.2.2}% 20
\BOOKMARK [2][-]{subsection.2.2.3}{Difracci\363n}{section.2.2}% 21
\BOOKMARK [2][-]{subsection.2.2.4}{Condici\363n de Bragg}{section.2.2}% 22
\BOOKMARK [1][-]{section.2.3}{Relatividad espacial}{chapter.2}% 23
\BOOKMARK [1][-]{section.2.4}{Efecto Compton}{chapter.2}% 24
\BOOKMARK [2][-]{subsection.2.4.1}{Propiedades corpusculares de la radiaci\363n}{section.2.4}% 25
\BOOKMARK [2][-]{subsection.2.4.2}{Longitud de onda de Compton}{section.2.4}% 26
\BOOKMARK [1][-]{section.2.5}{Modelo de Bohr del \341tomo de Hidr\363geno}{chapter.2}% 27
\BOOKMARK [2][-]{subsection.2.5.1}{Postulados}{section.2.5}% 28
\BOOKMARK [2][-]{subsection.2.5.2}{Niveles energ\351ticos}{section.2.5}% 29
\BOOKMARK [2][-]{subsection.2.5.3}{Espectro del Hidr\363geno}{section.2.5}% 30
\BOOKMARK [2][-]{subsection.2.5.4}{Constante de Rydberg}{section.2.5}% 31
\BOOKMARK [2][-]{subsection.2.5.5}{Fallas en la teor\355a de Bohr}{section.2.5}% 32
\BOOKMARK [1][-]{section.2.6}{Difracci\363n e interferencia de ondas electromagn\351ticas}{chapter.2}% 33
\BOOKMARK [2][-]{subsection.2.6.1}{Interpretaci\363n probabil\355stica}{section.2.6}% 34
\BOOKMARK [2][-]{subsection.2.6.2}{Dualidad onda-corp\372sculo \(fot\363n\)}{section.2.6}% 35
\BOOKMARK [1][-]{section.2.7}{Difracci\363n e interferencia de part\355culas materiales}{chapter.2}% 36
\BOOKMARK [2][-]{subsection.2.7.1}{Propiedades ondulatorias}{section.2.7}% 37
\BOOKMARK [2][-]{subsection.2.7.2}{Funciones de amplitud de onda y densidad de probabilidad}{section.2.7}% 38
\BOOKMARK [2][-]{subsection.2.7.3}{Experimento de Davidson-Germer de difracci\363n de electrones}{section.2.7}% 39
\BOOKMARK [1][-]{section.2.8}{Longitud de onda de De Broglie}{chapter.2}% 40
\BOOKMARK [2][-]{subsection.2.8.1}{Dualidad Onda-Part\355cula}{section.2.8}% 41
\BOOKMARK [1][-]{section.2.9}{Principio de incerteza de Heisemberg}{chapter.2}% 42
\BOOKMARK [0][-]{chapter.3}{Mec\341nica cu\341ntica}{part.1}% 43
\BOOKMARK [1][-]{section.3.1}{Ecuaci\363n de Schr\366dinger \(completa\)}{chapter.3}% 44
\BOOKMARK [2][-]{subsection.3.1.1}{Argumentos para postular una funci\363n de onda para describir el movimiento de part\355culas}{section.3.1}% 45
\BOOKMARK [2][-]{subsection.3.1.2}{Significado f\355sico de la funci\363n de onda}{section.3.1}% 46
\BOOKMARK [1][-]{section.3.2}{Ecuaci\363n de Sch\366dinger independiente del tiempo}{chapter.3}% 47
\BOOKMARK [2][-]{subsection.3.2.1}{Condiciones de frontera}{section.3.2}% 48
\BOOKMARK [1][-]{section.3.3}{Aplicaciones en una dimensi\363n}{chapter.3}% 49
\BOOKMARK [2][-]{subsection.3.3.1}{Part\355cula libre}{section.3.3}% 50
\BOOKMARK [2][-]{subsection.3.3.2}{Escal\363n de potencial}{section.3.3}% 51
\BOOKMARK [2][-]{subsection.3.3.3}{Pozo de potencial infinito}{section.3.3}% 52
\BOOKMARK [2][-]{subsection.3.3.4}{Pozo de potencial finito}{section.3.3}% 53
\BOOKMARK [2][-]{subsection.3.3.5}{Barrera de potencial}{section.3.3}% 54
\BOOKMARK [2][-]{subsection.3.3.6}{Oscilador arm\363nico}{section.3.3}% 55
\BOOKMARK [1][-]{section.3.4}{Aplicaciones en tres dimensiones}{chapter.3}% 56
\BOOKMARK [2][-]{subsection.3.4.1}{Pozo de potencial}{section.3.4}% 57
\BOOKMARK [2][-]{subsection.3.4.2}{Separaci\363n de variables}{section.3.4}% 58
\BOOKMARK [1][-]{section.3.5}{An\341lisis de potenciales seccionalmente constantes}{chapter.3}% 59
\BOOKMARK [2][-]{subsection.3.5.1}{Estados ligados}{section.3.5}% 60
\BOOKMARK [2][-]{subsection.3.5.2}{Estados no ligados}{section.3.5}% 61
\BOOKMARK [1][-]{section.3.6}{Principios de la teor\355a formal de la Mec\341nica Cu\341ntica}{chapter.3}% 62
\BOOKMARK [2][-]{subsection.3.6.1}{Operadores-Autofunciones-Autovalores}{section.3.6}% 63
\BOOKMARK [2][-]{subsection.3.6.2}{Postulados}{section.3.6}% 64
\BOOKMARK [2][-]{subsection.3.6.3}{Valores medios de una magnitud f\355sica}{section.3.6}% 65
\BOOKMARK [2][-]{subsection.3.6.4}{Superposici\363n lineal de funciones de onda de estados estacionarios}{section.3.6}% 66
\BOOKMARK [0][-]{chapter.4}{\301tomo}{part.1}% 67
\BOOKMARK [1][-]{section.4.1}{\301tomo de Hidr\363geno}{chapter.4}% 68
\BOOKMARK [2][-]{subsection.4.1.1}{Ecuaci\363n de Schr\366dinger en coordenadas esf\351ricas}{section.4.1}% 69
\BOOKMARK [2][-]{subsection.4.1.2}{Spin del electr\363n}{section.4.1}% 70
\BOOKMARK [1][-]{section.4.2}{\301tomos multielectr\363nicos}{chapter.4}% 71
\BOOKMARK [2][-]{subsection.4.2.1}{Principio de exclusi\363n de Pauli}{section.4.2}% 72
\BOOKMARK [2][-]{subsection.4.2.2}{Estructuras de las capas electr\363nicas de los \341tomos}{section.4.2}% 73
\BOOKMARK [0][-]{chapter.5}{F\355sica estad\355stica}{part.1}% 74
\BOOKMARK [1][-]{section.5.1}{Conceptos generales}{chapter.5}% 75
\BOOKMARK [2][-]{subsection.5.1.1}{Macro estados y Micro estados}{section.5.1}% 76
\BOOKMARK [2][-]{subsection.5.1.2}{Equilibrio t\351rmico o estad\355stico}{section.5.1}% 77
\BOOKMARK [2][-]{subsection.5.1.3}{Part\355culas distinguibles e indistinguibles}{section.5.1}% 78
\BOOKMARK [1][-]{section.5.2}{Estad\355stica Cl\341sica}{chapter.5}% 79
\BOOKMARK [2][-]{subsection.5.2.1}{Ley de distribuci\363n de Maxwell-Boltzmann}{section.5.2}% 80
\BOOKMARK [2][-]{subsection.5.2.2}{Funci\363n de partici\363n del sistema}{section.5.2}% 81
\BOOKMARK [2][-]{subsection.5.2.3}{Energ\355a promedio del sistema}{section.5.2}% 82
\BOOKMARK [2][-]{subsection.5.2.4}{Distribuci\363n de energ\355as,momentos y velocidades}{section.5.2}% 83
\BOOKMARK [2][-]{subsection.5.2.5}{Velocidad media cuadr\341tica y mas probable}{section.5.2}% 84
\BOOKMARK [2][-]{subsection.5.2.6}{Energ\355a total de las mol\351culas de un gas}{section.5.2}% 85
\BOOKMARK [1][-]{section.5.3}{Conceptos de Estad\355sticas Cu\341nticas}{chapter.5}% 86
\BOOKMARK [2][-]{subsection.5.3.1}{Indistinguibilidad de part\355culas id\351nticas}{section.5.3}% 87
\BOOKMARK [2][-]{subsection.5.3.2}{Funciones de onda sim\351trica y antisim\351trica}{section.5.3}% 88
\BOOKMARK [2][-]{subsection.5.3.3}{Bosones y Fermiones}{section.5.3}% 89
\BOOKMARK [1][-]{section.5.4}{Estad\355stica de Fermi-Dirac}{chapter.5}% 90
\BOOKMARK [2][-]{subsection.5.4.1}{Densidad de estados g\(E\)}{section.5.4}% 91
\BOOKMARK [2][-]{subsection.5.4.2}{Ley de distribuci\363n de Fermi-Dirac}{section.5.4}% 92
\BOOKMARK [2][-]{subsection.5.4.3}{Nivel de Fermi}{section.5.4}% 93
\BOOKMARK [2][-]{subsection.5.4.4}{Gas de electrones}{section.5.4}% 94
\BOOKMARK [1][-]{section.5.5}{Estad\355stica de Bose-Einstein}{chapter.5}% 95
\BOOKMARK [2][-]{subsection.5.5.1}{Ley de distribuci\363n de Bose-Einstein}{section.5.5}% 96
\BOOKMARK [2][-]{subsection.5.5.2}{Aplicaci\363n a gas de fotones:Radiaci\363n de cuerpo negro}{section.5.5}% 97
\BOOKMARK [2][-]{subsection.5.5.3}{Gas de fonones}{section.5.5}% 98
\BOOKMARK [-1][-]{part.2}{II F\355sica Electr\363nica}{}% 99
\BOOKMARK [0][-]{chapter.6}{Estado s\363lido}{part.2}% 100
\BOOKMARK [1][-]{section.6.1}{S\363lidos cristalinos}{chapter.6}% 101
\BOOKMARK [2][-]{subsection.6.1.1}{Cristales I\363nicos}{section.6.1}% 102
\BOOKMARK [2][-]{subsection.6.1.2}{Cristales Covalentes}{section.6.1}% 103
\BOOKMARK [2][-]{subsection.6.1.3}{Cristales Met\341licos}{section.6.1}% 104
\BOOKMARK [2][-]{subsection.6.1.4}{Cristales Moleculares}{section.6.1}% 105
\BOOKMARK [1][-]{section.6.2}{Periodicidad y Simetr\355a}{chapter.6}% 106
\BOOKMARK [1][-]{section.6.3}{Red espacial}{chapter.6}% 107
\BOOKMARK [1][-]{section.6.4}{Celdas}{chapter.6}% 108
\BOOKMARK [0][-]{chapter.7}{Electrones en metales}{part.2}% 109
\BOOKMARK [1][-]{section.7.1}{Teor\355a cl\341sica de Drude-Lorentz de los electrones libres}{chapter.7}% 110
\BOOKMARK [2][-]{subsection.7.1.1}{Velocidad t\351rmica y de desplazamiento debido a campo el\351ctrico}{section.7.1}% 111
\BOOKMARK [2][-]{subsection.7.1.2}{Tiempo de relajaci\363n}{section.7.1}% 112
\BOOKMARK [2][-]{subsection.7.1.3}{Camino libre medio}{section.7.1}% 113
\BOOKMARK [2][-]{subsection.7.1.4}{Movilidad}{section.7.1}% 114
\BOOKMARK [2][-]{subsection.7.1.5}{Conductividad}{section.7.1}% 115
\BOOKMARK [2][-]{subsection.7.1.6}{Capacidad calor\355fica}{section.7.1}% 116
\BOOKMARK [1][-]{section.7.2}{Fallas de la teor\355a cl\341sica}{chapter.7}% 117
\BOOKMARK [1][-]{section.7.3}{Teor\355a cu\341ntica de Sommerfeld}{chapter.7}% 118
\BOOKMARK [2][-]{subsection.7.3.1}{Aplicaciones de la estad\355stica de Fermi-Dirac}{section.7.3}% 119
\BOOKMARK [2][-]{subsection.7.3.2}{Nivel de Fermi en un metal}{section.7.3}% 120
\BOOKMARK [2][-]{subsection.7.3.3}{Transporte de carga}{section.7.3}% 121
\BOOKMARK [1][-]{section.7.4}{Calor espec\355fico de un gas de electrones}{chapter.7}% 122
\BOOKMARK [2][-]{subsection.7.4.1}{Aporte al calor espec\355fico de un s\363lido}{section.7.4}% 123
\BOOKMARK [0][-]{chapter.8}{Teor\355a de bandas}{part.2}% 124
\BOOKMARK [1][-]{section.8.1}{Teor\355a cu\341ntica de electrones en redes peri\363dicas}{chapter.8}% 125
\BOOKMARK [2][-]{subsection.8.1.1}{Teorema de Bloch}{section.8.1}% 126
\BOOKMARK [2][-]{subsection.8.1.2}{Condiciones de contorno peri\363dicas}{section.8.1}% 127
\BOOKMARK [2][-]{subsection.8.1.3}{Modelo de Kronig-Penney en cristal unidimensional infinito}{section.8.1}% 128
\BOOKMARK [2][-]{subsection.8.1.4}{Bandas de energ\355a prohibidas}{section.8.1}% 129
\BOOKMARK [2][-]{subsection.8.1.5}{Energ\355a en funci\363n del n\372mero de onda del Modelo de Kronig-Penney}{section.8.1}% 130
\BOOKMARK [2][-]{subsection.8.1.6}{Representaci\363n en zona reducida}{section.8.1}% 131
\BOOKMARK [2][-]{subsection.8.1.7}{N\372mero de estados en una banda}{section.8.1}% 132
\BOOKMARK [1][-]{section.8.2}{Din\341mica de electrones en redes cristalinas unidimensionales}{chapter.8}% 133
\BOOKMARK [2][-]{subsection.8.2.1}{Velocidad de grupo}{section.8.2}% 134
\BOOKMARK [2][-]{subsection.8.2.2}{Masa efectiva}{section.8.2}% 135
\BOOKMARK [2][-]{subsection.8.2.3}{Momento cristalino}{section.8.2}% 136
\BOOKMARK [2][-]{subsection.8.2.4}{Concepto de hueco}{section.8.2}% 137
\BOOKMARK [1][-]{section.8.3}{Estructura de bandas}{chapter.8}% 138
\BOOKMARK [2][-]{subsection.8.3.1}{Aisladores}{section.8.3}% 139
\BOOKMARK [2][-]{subsection.8.3.2}{Semiconductores}{section.8.3}% 140
\BOOKMARK [2][-]{subsection.8.3.3}{Metales}{section.8.3}% 141
\BOOKMARK [0][-]{chapter.9}{Semiconductores I}{part.2}% 142
\BOOKMARK [1][-]{section.9.1}{Semiconductores uniformes en equilibrio}{chapter.9}% 143
\BOOKMARK [1][-]{section.9.2}{Semiconductores intr\355nsecos}{chapter.9}% 144
\BOOKMARK [2][-]{subsection.9.2.1}{Estad\355stica de portadores}{section.9.2}% 145
\BOOKMARK [1][-]{section.9.3}{Semiconductores extr\355nsecos}{chapter.9}% 146
\BOOKMARK [1][-]{section.9.4}{Ley de acci\363n de masas}{chapter.9}% 147
\BOOKMARK [1][-]{section.9.5}{Contaminaci\363n con impurezas}{chapter.9}% 148
\BOOKMARK [0][-]{chapter.10}{Semiconductores II}{part.2}% 149
\BOOKMARK [1][-]{section.10.1}{Ecuaci\363n de continuidad}{chapter.10}% 150
\BOOKMARK [1][-]{section.10.2}{Ecuaci\363n de Einstein}{chapter.10}% 151
\BOOKMARK [1][-]{section.10.3}{Impurificaci\363n homog\351nea}{chapter.10}% 152
\BOOKMARK [2][-]{subsection.10.3.1}{Casos particulares de la ecuaci\363n de continuidad}{section.10.3}% 153
\BOOKMARK [0][-]{chapter.11}{Junturas}{part.2}% 154
\BOOKMARK [1][-]{section.11.1}{Juntura PN}{chapter.11}% 155
\BOOKMARK [2][-]{subsection.11.1.1}{Equilibrio}{section.11.1}% 156
\BOOKMARK [2][-]{subsection.11.1.2}{Potencial de contacto}{section.11.1}% 157
\BOOKMARK [2][-]{subsection.11.1.3}{Fuera del equilibrio}{section.11.1}% 158
\BOOKMARK [2][-]{subsection.11.1.4}{Ecuaci\363n y distribuci\363n de corrientes}{section.11.1}% 159
\BOOKMARK [2][-]{subsection.11.1.5}{Experiencia de Haynes-Schockley}{section.11.1}% 160
\BOOKMARK [1][-]{section.11.2}{Sistema Metal-Semiconductor}{chapter.11}% 161
\BOOKMARK [2][-]{subsection.11.2.1}{Caracter\355sticas cualitativas.}{section.11.2}% 162
\BOOKMARK [2][-]{subsection.11.2.2}{Propiedades de la juntura ideal.}{section.11.2}% 163
\BOOKMARK [2][-]{subsection.11.2.3}{Relaci\363n tensi\363n-corriente.}{section.11.2}% 164
\BOOKMARK [2][-]{subsection.11.2.4}{Contactos \363hmicos en junturas metal-semiconductor.}{section.11.2}% 165
\BOOKMARK [2][-]{subsection.11.2.5}{Barreras ideales no-rectificantes.}{section.11.2}% 166
\BOOKMARK [2][-]{subsection.11.2.6}{Contacto t\372nel}{section.11.2}% 167
\BOOKMARK [2][-]{subsection.11.2.7}{Resistencia espec\355fica de contacto}{section.11.2}% 168
\BOOKMARK [1][-]{section.11.3}{Sistema Metal-\323xido-Semiconductor \(MOS\)}{chapter.11}% 169
\BOOKMARK [2][-]{subsection.11.3.1}{MOSFET}{section.11.3}% 170
\BOOKMARK [1][-]{section.11.4}{Transistor Bipolar de Juntura \(TBJ\)}{chapter.11}% 171
\BOOKMARK [2][-]{subsection.11.4.1}{Modos de operaci\363n}{section.11.4}% 172
\BOOKMARK [2][-]{subsection.11.4.2}{Caracter\355sticas}{section.11.4}% 173
